<?xml version="1.0" encoding="UTF-8"?>
<!-- Generated by org.testng.reporters.JUnitReportReporter -->
<testsuite hostname="CYBERSPACE" failures="0" tests="1" name="Testcase.TC001" time="60.368" errors="0" timestamp="2022-09-23T16:56:27 BDT" skipped="0">
  <testcase classname="Testcase.TC001" name="locatorLearning" time="60.368"/>
  <system-out/>
</testsuite> <!-- Testcase.TC001 -->
